current directory: /home/adityadev/Documents/Projects/TrackAndBuy/client/gems/etc-1.0.1/ext/etc
/usr/bin/ruby2.5 -r ./siteconf20190902-28524-1k7e24a.rb extconf.rb
checking for sys/utsname.h... yes
checking for getpwnam() in -lsun... no
checking for uname((struct utsname *)NULL) in sys/utsname.h... yes
checking for getlogin()... yes
checking for getpwent()... yes
checking for getgrent()... yes
checking for sysconf()... yes
checking for confstr()... yes
checking for fpathconf()... yes
checking for struct passwd.pw_gecos in pwd.h... yes
checking for struct passwd.pw_change in pwd.h... no
checking for struct passwd.pw_quota in pwd.h... no
checking for struct passwd.pw_age in pwd.h... no
checking for struct passwd.pw_class in pwd.h... no
checking for struct passwd.pw_comment in pwd.h... no
checking for struct passwd.pw_expire in pwd.h... no
checking for struct passwd.pw_passwd in pwd.h... yes
checking for struct group.gr_passwd in grp.h... yes
creating Makefile

current directory: /home/adityadev/Documents/Projects/TrackAndBuy/client/gems/etc-1.0.1/ext/etc
make "DESTDIR=" clean

current directory: /home/adityadev/Documents/Projects/TrackAndBuy/client/gems/etc-1.0.1/ext/etc
make "DESTDIR="
compiling etc.c
linking shared-object etc.so

current directory: /home/adityadev/Documents/Projects/TrackAndBuy/client/gems/etc-1.0.1/ext/etc
make "DESTDIR=" install
/usr/bin/install -c -m 0755 etc.so ./.gem.20190902-28524-n7b4p
